[4mRunning "serve" task[24m

[4mRunning "clean:server" (clean) task[24m
[32m>> [39m1 path cleaned.

[4mRunning "env:all" (env) task[24m

[4mRunning "concurrent:pre" (concurrent) task[24m

    [4mRunning "injector:sass" (injector) task[24m
    [90mMissing option `template`, using `dest` as template instead[39m
    Injecting [32mscss[39m files [90m(9 files)[39m

    [32mDone, without errors.[39m


    [4mExecution Time[24m[90m (2016-01-11 13:40:54 UTC)[39m
    loading tasks           [34m519ms[39m  [34m▇▇▇▇▇▇▇▇▇▇▇▇▇▇▇▇▇▇▇▇▇▇▇▇▇▇▇▇▇▇▇▇▇ 85%[39m
    loading grunt-injector   [34m41ms[39m  [34m▇▇▇ 7%[39m
    injector:sass            [34m47ms[39m  [34m▇▇▇ 8%[39m
    [35mTotal 608ms[39m

    [4mRunning "ngconstant:app" (ngconstant) task[24m
    Creating module ecophoriaApp.constants at client/app/app.constant.js...[32mOK[39m

    [32mDone, without errors.[39m


    [4mExecution Time[24m[90m (2016-01-11 13:40:54 UTC)[39m
    loading tasks              [34m519ms[39m  [34m▇▇▇▇▇▇▇▇▇▇▇▇▇▇▇▇▇▇▇▇▇▇▇▇▇▇▇▇▇▇ 85%[39m
    loading grunt-ng-constant   [34m63ms[39m  [34m▇▇▇▇ 10%[39m
    ngconstant:app              [34m31ms[39m  [34m▇▇ 5%[39m
    [35mTotal 614ms[39m

[4mRunning "concurrent:server" (concurrent) task[24m

    [4mRunning "newer:babel:client" (newer) task[24m

    [4mRunning "babel:client" (babel) task[24m

    [4mRunning "newer-postrun:babel:client:1:/Users/pranusarna/development/ecophoria/node_modules/grunt-newer/.cache" (newer-postrun) task[24m

    [32mDone, without errors.[39m


    [4mExecution Time[24m[90m (2016-01-11 13:40:55 UTC)[39m
    loading tasks        [34m475ms[39m  [34m▇▇▇▇▇▇ 14%[39m
    loading grunt-newer   [34m42ms[39m  [34m▇ 1%[39m
    newer:babel:client    [34m40ms[39m  [34m▇ 1%[39m
    loading grunt-babel     [34m2s[39m  [34m▇▇▇▇▇▇▇▇▇▇▇▇▇▇▇▇▇▇▇▇▇▇▇▇ 57%[39m
    babel:client         [34m913ms[39m  [34m▇▇▇▇▇▇▇▇▇▇▇ 26%[39m
    [35mTotal 3.5s[39m

    [4mRunning "sass:server" (sass) task[24m

    [32mDone, without errors.[39m


    [4mExecution Time[24m[90m (2016-01-11 13:40:55 UTC)[39m
    loading tasks               [34m464ms[39m  [34m▇▇ 6%[39m
    loading grunt-contrib-sass  [34m132ms[39m  [34m▇ 2%[39m
    sass:server                  [34m7.4s[39m  [34m▇▇▇▇▇▇▇▇▇▇▇▇▇▇▇▇▇▇▇▇▇▇▇▇▇▇▇▇▇▇▇▇ 93%[39m
    [35mTotal 8s[39m

[4mRunning "injector:scripts" (injector) task[24m
[90mMissing option `template`, using `dest` as template instead[39m
Injecting [32mjs[39m files [90m(32 files)[39m

[4mRunning "injector:sass" (injector) task[24m
[90mMissing option `template`, using `dest` as template instead[39m
Injecting [32mscss[39m files [90m(9 files)[39m

[4mRunning "injector:css" (injector) task[24m
[90mMissing option `template`, using `dest` as template instead[39m
[32m>> [39mNothing changed

[4mRunning "wiredep:client" (wiredep) task[24m

[4mRunning "postcss:dist" (postcss) task[24m
[32m>> [39m1 processed stylesheet created.
[32m>> [39m1 sourcemap created.

[4mRunning "express:dev" (express) task[24m
[36mStarting [39mbackground Express server
Debugger listening on port 5858
Express server listening on 9000, in development mode

[4mRunning "wait" task[24m
[32m>> [39mWaiting for server reload...
finished populating users
Done waiting!

[4mRunning "open:server" (open) task[24m

[4mRunning "watch" task[24m
Waiting...
[0mGET /login [32m200 [0m9.908 ms - -[0m
